#
# There is insufficient memory for the Java Runtime Environment to continue.
# Native memory allocation (malloc) failed to allocate 32744 bytes for ChunkPool::allocate
# Possible reasons:
#   The system is out of physical RAM or swap space
#   The process is running with CompressedOops enabled, and the Java Heap may be blocking the growth of the native heap
# Possible solutions:
#   Reduce memory load on the system
#   Increase physical memory or swap space
#   Check if swap backing store is full
#   Decrease Java heap size (-Xmx/-Xms)
#   Decrease number of Java threads
#   Decrease Java thread stack sizes (-Xss)
#   Set larger code cache with -XX:ReservedCodeCacheSize=
#   JVM is running with Unscaled Compressed Oops mode in which the Java heap is
#     placed in the first 4GB address space. The Java Heap base address is the
#     maximum limit for the native heap growth. Please use -XX:HeapBaseMinAddress
#     to set the Java Heap base and to place the Java Heap above 4GB virtual address.
# This output file may be truncated or incomplete.
#
#  Out of Memory Error (allocation.cpp:272), pid=4932, tid=0x0000000000001248
#
# JRE version: Java(TM) SE Runtime Environment (8.0_211-b12) (build 1.8.0_211-b12)
# Java VM: Java HotSpot(TM) 64-Bit Server VM (25.211-b12 mixed mode windows-amd64 compressed oops)
# Failed to write core dump. Minidumps are not enabled by default on client versions of Windows
#

---------------  T H R E A D  ---------------

Current thread (0x00000000143c8000):  JavaThread "C2 CompilerThread0" daemon [_thread_in_native, id=4680, stack(0x0000000016040000,0x0000000016140000)]

Stack: [0x0000000016040000,0x0000000016140000]
[error occurred during error reporting (printing stack bounds), id 0xc0000005]

Native frames: (J=compiled Java code, j=interpreted, Vv=VM code, C=native code)


Current CompileTask:
C2: 112962 19066       4       com.sun.org.apache.xerces.internal.impl.XMLNSDocumentScannerImpl::scanAttribute (824 bytes)


---------------  P R O C E S S  ---------------

Java Threads: ( => current thread )
  0x000000001b8cf800 JavaThread "WorkerExecutor Queue Thread 12" [_thread_blocked, id=8648, stack(0x00000000242e0000,0x00000000243e0000)]
  0x000000001b8d1800 JavaThread "WorkerExecutor Queue Thread 11" [_thread_blocked, id=8652, stack(0x00000000243e0000,0x00000000244e0000)]
  0x000000001b8d4000 JavaThread "WorkerExecutor Queue Thread 10" [_thread_blocked, id=7092, stack(0x0000000001090000,0x0000000001190000)]
  0x000000001b8cc000 JavaThread "WorkerExecutor Queue Thread 9" [_thread_blocked, id=8320, stack(0x00000000247e0000,0x00000000248e0000)]
  0x000000001b8d1000 JavaThread "WorkerExecutor Queue Thread 8" [_thread_blocked, id=8472, stack(0x00000000244e0000,0x00000000245e0000)]
  0x000000001b8c9000 JavaThread "Cache worker for Java compile cache (D:\react_native_projects\Top_radio\android\.gradle\6.0.1\javaCompile)" [_thread_blocked, id=6348, stack(0x0000000024be0000,0x0000000024ce0000)]
  0x000000001b8ce000 JavaThread "Cache worker for Java compile cache (C:\Users\Annaniks\.gradle\caches\6.0.1\javaCompile)" [_thread_blocked, id=5044, stack(0x0000000024ae0000,0x0000000024be0000)]
  0x000000001b8ca000 JavaThread "WorkerExecutor Queue Thread 6" [_thread_blocked, id=3312, stack(0x00000000249e0000,0x0000000024ae0000)]
  0x000000001d02a800 JavaThread "Cache worker for execution history cache (D:\react_native_projects\Top_radio\android\.gradle\6.0.1\executionHistory)" [_thread_blocked, id=4612, stack(0x0000000023fe0000,0x00000000240e0000)]
  0x000000001d02a000 JavaThread "Execution worker for ':' Thread 5" [_thread_blocked, id=8832, stack(0x0000000023ee0000,0x0000000023fe0000)]
  0x000000001d029000 JavaThread "Execution worker for ':' Thread 4" [_thread_in_native, id=8828, stack(0x0000000023de0000,0x0000000023ee0000)]
  0x000000001d021800 JavaThread "Execution worker for ':' Thread 3" [_thread_blocked, id=4372, stack(0x0000000023ce0000,0x0000000023de0000)]
  0x000000001d028800 JavaThread "Execution worker for ':' Thread 2" [_thread_blocked, id=1664, stack(0x0000000023be0000,0x0000000023ce0000)]
  0x000000001d027800 JavaThread "Execution worker for ':'" [_thread_blocked, id=7724, stack(0x0000000000f90000,0x0000000001090000)]
  0x000000001d022800 JavaThread "Cache worker for file content cache (D:\react_native_projects\Top_radio\android\.gradle\6.0.1\fileContent)" [_thread_blocked, id=9208, stack(0x0000000022410000,0x0000000022510000)]
  0x000000001d027000 JavaThread "Cache worker for file content cache (C:\Users\Annaniks\.gradle\caches\6.0.1\fileContent)" [_thread_blocked, id=9204, stack(0x0000000021eb0000,0x0000000021fb0000)]
  0x000000001d025800 JavaThread "Memory manager" [_thread_blocked, id=8932, stack(0x00000000207d0000,0x00000000208d0000)]
  0x000000001d01d800 JavaThread "Cache worker for Build Output Cleanup Cache (D:\react_native_projects\Top_radio\android\.gradle\buildOutputCleanup)" [_thread_blocked, id=8440, stack(0x000000001e900000,0x000000001ea00000)]
  0x000000001d021000 JavaThread "Build operations Thread 6" [_thread_blocked, id=4116, stack(0x000000001e200000,0x000000001e300000)]
  0x000000001d024800 JavaThread "Build operations Thread 5" [_thread_blocked, id=7892, stack(0x000000001e100000,0x000000001e200000)]
  0x000000001d024000 JavaThread "Build operations Thread 4" [_thread_blocked, id=7012, stack(0x000000001e000000,0x000000001e100000)]
  0x000000001d023000 JavaThread "Build operations Thread 3" [_thread_blocked, id=2508, stack(0x000000001df00000,0x000000001e000000)]
  0x000000001d01e800 JavaThread "Build operations Thread 2" [_thread_blocked, id=4376, stack(0x000000001de00000,0x000000001df00000)]
  0x000000001d01f000 JavaThread "Build operations" [_thread_blocked, id=6152, stack(0x000000001dd00000,0x000000001de00000)]
  0x000000001d020000 JavaThread "Cache worker for execution history cache (C:\Users\Annaniks\.gradle\caches\6.0.1\executionHistory)" [_thread_blocked, id=6620, stack(0x000000001da00000,0x000000001db00000)]
  0x00000000174d8000 JavaThread "Cache worker for cache directory md-rule (C:\Users\Annaniks\.gradle\caches\6.0.1\md-rule)" [_thread_blocked, id=3024, stack(0x000000001d900000,0x000000001da00000)]
  0x00000000174d7000 JavaThread "Cache worker for cache directory md-supplier (C:\Users\Annaniks\.gradle\caches\6.0.1\md-supplier)" [_thread_blocked, id=4496, stack(0x000000001d800000,0x000000001d900000)]
  0x00000000174d1000 JavaThread "Cache worker for file hash cache (D:\react_native_projects\Top_radio\android\.gradle\6.0.1\fileHashes)" [_thread_blocked, id=6504, stack(0x000000001bb30000,0x000000001bc30000)]
  0x00000000174d4800 JavaThread "Cache worker for journal cache (C:\Users\Annaniks\.gradle\caches\journal-1)" [_thread_blocked, id=6920, stack(0x000000001a660000,0x000000001a760000)]
  0x00000000174d4000 JavaThread "File lock request listener" [_thread_in_native, id=6536, stack(0x000000001a560000,0x000000001a660000)]
  0x00000000174d1800 JavaThread "Cache worker for file hash cache (C:\Users\Annaniks\.gradle\caches\6.0.1\fileHashes)" [_thread_blocked, id=6520, stack(0x000000001a360000,0x000000001a460000)]
  0x00000000174d2800 JavaThread "Thread-9" [_thread_blocked, id=3032, stack(0x000000001a260000,0x000000001a360000)]
  0x00000000174d3000 JavaThread "Stdin handler" [_thread_blocked, id=5076, stack(0x000000001a160000,0x000000001a260000)]
  0x00000000174c7000 JavaThread "Asynchronous log dispatcher for DefaultDaemonConnection: socket connection from /127.0.0.1:49850 to /127.0.0.1:49851" [_thread_blocked, id=2128, stack(0x000000001a060000,0x000000001a160000)]
  0x0000000018370000 JavaThread "Daemon worker" [_thread_blocked, id=1768, stack(0x0000000019d60000,0x0000000019e60000)]
  0x000000001836f800 JavaThread "Cancel handler" [_thread_blocked, id=5188, stack(0x0000000019c60000,0x0000000019d60000)]
  0x000000001836b000 JavaThread "Handler for socket connection from /127.0.0.1:49850 to /127.0.0.1:49851" [_thread_in_native, id=6868, stack(0x0000000019b60000,0x0000000019c60000)]
  0x0000000018369000 JavaThread "Daemon" [_thread_blocked, id=7196, stack(0x0000000019a60000,0x0000000019b60000)]
  0x000000001834e000 JavaThread "Daemon periodic checks" [_thread_blocked, id=1384, stack(0x0000000019960000,0x0000000019a60000)]
  0x0000000018341000 JavaThread "Incoming local TCP Connector on port 49850" [_thread_in_native, id=7796, stack(0x0000000019720000,0x0000000019820000)]
  0x0000000018271000 JavaThread "Daemon health stats" [_thread_blocked, id=4916, stack(0x00000000190e0000,0x00000000191e0000)]
  0x00000000143de800 JavaThread "Service Thread" daemon [_thread_blocked, id=1732, stack(0x0000000016740000,0x0000000016840000)]
  0x00000000143cc800 JavaThread "C1 CompilerThread2" daemon [_thread_blocked, id=6236, stack(0x0000000016240000,0x0000000016340000)]
  0x00000000143cb800 JavaThread "C2 CompilerThread1" daemon [_thread_blocked, id=4452, stack(0x0000000016140000,0x0000000016240000)]
=>0x00000000143c8000 JavaThread "C2 CompilerThread0" daemon [_thread_in_native, id=4680, stack(0x0000000016040000,0x0000000016140000)]
  0x00000000143c3000 JavaThread "Attach Listener" daemon [_thread_blocked, id=7664, stack(0x0000000015f40000,0x0000000016040000)]
  0x00000000143c2000 JavaThread "Signal Dispatcher" daemon [_thread_blocked, id=7780, stack(0x0000000015e40000,0x0000000015f40000)]
  0x0000000002e0b800 JavaThread "Finalizer" daemon [_thread_blocked, id=7748, stack(0x0000000015c30000,0x0000000015d30000)]
  0x0000000002e03800 JavaThread "Reference Handler" daemon [_thread_blocked, id=7476, stack(0x0000000015b30000,0x0000000015c30000)]
  0x0000000002d12800 JavaThread "main" [_thread_blocked, id=80, stack(0x0000000002c10000,0x0000000002d10000)]

Other Threads:
  0x0000000014388000 VMThread [stack: 0x0000000015a30000,0x0000000015b30000] [id=7740]
  0x00000000163ce000 WatcherThread [stack: 0x0000000016840000,0x0000000016940000] [id=4408]

VM state:not at safepoint (normal execution)

VM Mutex/Monitor currently owned by a thread: None

heap address: 0x00000000e0000000, size: 512 MB, Compressed Oops mode: 32-bit
Narrow klass base: 0x0000000000000000, Narrow klass shift: 3
Compressed class space size: 1073741824 Address: 0x0000000100000000

Heap:
 PSYoungGen      total 142848K, used 105503K [0x00000000f5580000, 0x0000000100000000, 0x0000000100000000)
  eden space 114688K, 80% used [0x00000000f5580000,0x00000000faf1e218,0x00000000fc580000)
  from space 28160K, 48% used [0x00000000fc580000,0x00000000fd2e9b48,0x00000000fe100000)
  to   space 27136K, 0% used [0x00000000fe580000,0x00000000fe580000,0x0000000100000000)
 ParOldGen       total 175104K, used 160285K [0x00000000e0000000, 0x00000000eab00000, 0x00000000f5580000)
  object space 175104K, 91% used [0x00000000e0000000,0x00000000e9c87520,0x00000000eab00000)
 Metaspace       used 84923K, capacity 90785K, committed 91136K, reserved 1128448K
  class space    used 11346K, capacity 12680K, committed 12800K, reserved 1048576K

Card table byte_map: [0x00000000121d0000,0x00000000122e0000] byte_map_base: 0x0000000011ad0000

Marking Bits: (ParMarkBitMap*) 0x000000006f845ce0
 Begin Bits: [0x00000000128e0000, 0x00000000130e0000)
 End Bits:   [0x00000000130e0000, 0x00000000138e0000)

Polling page: 0x0000000001460000

CodeCache: size=245760Kb used=56209Kb max_used=56221Kb free=189550Kb
 bounds [0x0000000002e10000, 0x0000000006540000, 0x0000000011e10000]
 total_blobs=16439 nmethods=15553 adapters=796
 compilation: enabled

Compilation events (10 events):
Event: 112.892 Thread 0x00000000143cb800 nmethod 19067 0x000000000652ee90 code [0x000000000652efe0, 0x000000000652f398]
Event: 112.892 Thread 0x00000000143cb800 19068       4       com.sun.org.apache.xerces.internal.util.XMLAttributesImpl::addAttributeNS (169 bytes)
Event: 112.893 Thread 0x00000000143cc800 19071       3       com.android.ide.common.resources.ValueResourceParser2::hasFormatAttribute (23 bytes)
Event: 112.893 Thread 0x00000000143cc800 nmethod 19071 0x000000000652e490 code [0x000000000652e640, 0x000000000652eca8]
Event: 112.893 Thread 0x00000000143cc800 19072       3       com.android.ide.common.resources.ResourceMergerItem::setIgnoredFromDiskMerge (6 bytes)
Event: 112.893 Thread 0x00000000143cc800 nmethod 19072 0x0000000006533ed0 code [0x0000000006534020, 0x0000000006534170]
Event: 112.893 Thread 0x00000000143cb800 nmethod 19068 0x0000000006532350 code [0x00000000065324a0, 0x00000000065326f8]
Event: 112.894 Thread 0x00000000143cb800 19070 %     4       com.sun.org.apache.xerces.internal.impl.XMLEntityScanner::scanData @ 721 (1108 bytes)
Event: 112.909 Thread 0x00000000143cb800 nmethod 19070% 0x0000000006538290 code [0x0000000006538440, 0x0000000006539428]
Event: 112.909 Thread 0x00000000143cb800 19069       4       com.sun.org.apache.xerces.internal.parsers.AbstractSAXParser$AttributesProxy::getValue (11 bytes)

GC Heap History (10 events):
Event: 99.363 GC heap before
{Heap before GC invocations=34 (full 3):
 PSYoungGen      total 133120K, used 113661K [0x00000000f5580000, 0x00000000ffa80000, 0x0000000100000000)
  eden space 102400K, 100% used [0x00000000f5580000,0x00000000fb980000,0x00000000fb980000)
  from space 30720K, 36% used [0x00000000fdc80000,0x00000000fe77f5e0,0x00000000ffa80000)
  to   space 33280K, 0% used [0x00000000fb980000,0x00000000fb980000,0x00000000fda00000)
 ParOldGen       total 175104K, used 147738K [0x00000000e0000000, 0x00000000eab00000, 0x00000000f5580000)
  object space 175104K, 84% used [0x00000000e0000000,0x00000000e9046a90,0x00000000eab00000)
 Metaspace       used 83870K, capacity 89487K, committed 89728K, reserved 1126400K
  class space    used 11275K, capacity 12577K, committed 12672K, reserved 1048576K
Event: 99.382 GC heap after
Heap after GC invocations=34 (full 3):
 PSYoungGen      total 135680K, used 9852K [0x00000000f5580000, 0x00000000fff80000, 0x0000000100000000)
  eden space 102400K, 0% used [0x00000000f5580000,0x00000000f5580000,0x00000000fb980000)
  from space 33280K, 29% used [0x00000000fb980000,0x00000000fc31f2c0,0x00000000fda00000)
  to   space 31744K, 0% used [0x00000000fe080000,0x00000000fe080000,0x00000000fff80000)
 ParOldGen       total 175104K, used 153960K [0x00000000e0000000, 0x00000000eab00000, 0x00000000f5580000)
  object space 175104K, 87% used [0x00000000e0000000,0x00000000e965a148,0x00000000eab00000)
 Metaspace       used 83870K, capacity 89487K, committed 89728K, reserved 1126400K
  class space    used 11275K, capacity 12577K, committed 12672K, reserved 1048576K
}
Event: 100.791 GC heap before
{Heap before GC invocations=35 (full 3):
 PSYoungGen      total 135680K, used 112252K [0x00000000f5580000, 0x00000000fff80000, 0x0000000100000000)
  eden space 102400K, 100% used [0x00000000f5580000,0x00000000fb980000,0x00000000fb980000)
  from space 33280K, 29% used [0x00000000fb980000,0x00000000fc31f2c0,0x00000000fda00000)
  to   space 31744K, 0% used [0x00000000fe080000,0x00000000fe080000,0x00000000fff80000)
 ParOldGen       total 175104K, used 153960K [0x00000000e0000000, 0x00000000eab00000, 0x00000000f5580000)
  object space 175104K, 87% used [0x00000000e0000000,0x00000000e965a148,0x00000000eab00000)
 Metaspace       used 83947K, capacity 89505K, committed 89728K, reserved 1126400K
  class space    used 11277K, capacity 12580K, committed 12672K, reserved 1048576K
Event: 100.824 GC heap after
Heap after GC invocations=35 (full 3):
 PSYoungGen      total 137216K, used 12392K [0x00000000f5580000, 0x00000000ffb80000, 0x0000000100000000)
  eden space 109568K, 0% used [0x00000000f5580000,0x00000000f5580000,0x00000000fc080000)
  from space 27648K, 44% used [0x00000000fe080000,0x00000000fec9a240,0x00000000ffb80000)
  to   space 30208K, 0% used [0x00000000fc080000,0x00000000fc080000,0x00000000fde00000)
 ParOldGen       total 175104K, used 156316K [0x00000000e0000000, 0x00000000eab00000, 0x00000000f5580000)
  object space 175104K, 89% used [0x00000000e0000000,0x00000000e98a72f8,0x00000000eab00000)
 Metaspace       used 83947K, capacity 89505K, committed 89728K, reserved 1126400K
  class space    used 11277K, capacity 12580K, committed 12672K, reserved 1048576K
}
Event: 102.334 GC heap before
{Heap before GC invocations=36 (full 3):
 PSYoungGen      total 137216K, used 121960K [0x00000000f5580000, 0x00000000ffb80000, 0x0000000100000000)
  eden space 109568K, 100% used [0x00000000f5580000,0x00000000fc080000,0x00000000fc080000)
  from space 27648K, 44% used [0x00000000fe080000,0x00000000fec9a240,0x00000000ffb80000)
  to   space 30208K, 0% used [0x00000000fc080000,0x00000000fc080000,0x00000000fde00000)
 ParOldGen       total 175104K, used 156316K [0x00000000e0000000, 0x00000000eab00000, 0x00000000f5580000)
  object space 175104K, 89% used [0x00000000e0000000,0x00000000e98a72f8,0x00000000eab00000)
 Metaspace       used 84086K, capacity 89775K, committed 89984K, reserved 1126400K
  class space    used 11285K, capacity 12593K, committed 12672K, reserved 1048576K
Event: 102.355 GC heap after
Heap after GC invocations=36 (full 3):
 PSYoungGen      total 139776K, used 6864K [0x00000000f5580000, 0x0000000100000000, 0x0000000100000000)
  eden space 109568K, 0% used [0x00000000f5580000,0x00000000f5580000,0x00000000fc080000)
  from space 30208K, 22% used [0x00000000fc080000,0x00000000fc734368,0x00000000fde00000)
  to   space 29696K, 0% used [0x00000000fe300000,0x00000000fe300000,0x0000000100000000)
 ParOldGen       total 175104K, used 157068K [0x00000000e0000000, 0x00000000eab00000, 0x00000000f5580000)
  object space 175104K, 89% used [0x00000000e0000000,0x00000000e9963308,0x00000000eab00000)
 Metaspace       used 84086K, capacity 89775K, committed 89984K, reserved 1126400K
  class space    used 11285K, capacity 12593K, committed 12672K, reserved 1048576K
}
Event: 104.405 GC heap before
{Heap before GC invocations=37 (full 3):
 PSYoungGen      total 139776K, used 116432K [0x00000000f5580000, 0x0000000100000000, 0x0000000100000000)
  eden space 109568K, 100% used [0x00000000f5580000,0x00000000fc080000,0x00000000fc080000)
  from space 30208K, 22% used [0x00000000fc080000,0x00000000fc734368,0x00000000fde00000)
  to   space 29696K, 0% used [0x00000000fe300000,0x00000000fe300000,0x0000000100000000)
 ParOldGen       total 175104K, used 157068K [0x00000000e0000000, 0x00000000eab00000, 0x00000000f5580000)
  object space 175104K, 89% used [0x00000000e0000000,0x00000000e9963308,0x00000000eab00000)
 Metaspace       used 84352K, capacity 90147K, committed 90240K, reserved 1126400K
  class space    used 11315K, capacity 12623K, committed 12672K, reserved 1048576K
Event: 104.433 GC heap after
Heap after GC invocations=37 (full 3):
 PSYoungGen      total 140800K, used 12611K [0x00000000f5580000, 0x00000000ffc80000, 0x0000000100000000)
  eden space 114688K, 0% used [0x00000000f5580000,0x00000000f5580000,0x00000000fc580000)
  from space 26112K, 48% used [0x00000000fe300000,0x00000000fef50e30,0x00000000ffc80000)
  to   space 28160K, 0% used [0x00000000fc580000,0x00000000fc580000,0x00000000fe100000)
 ParOldGen       total 175104K, used 158004K [0x00000000e0000000, 0x00000000eab00000, 0x00000000f5580000)
  object space 175104K, 90% used [0x00000000e0000000,0x00000000e9a4d318,0x00000000eab00000)
 Metaspace       used 84352K, capacity 90147K, committed 90240K, reserved 1126400K
  class space    used 11315K, capacity 12623K, committed 12672K, reserved 1048576K
}
Event: 108.318 GC heap before
{Heap before GC invocations=38 (full 3):
 PSYoungGen      total 140800K, used 127299K [0x00000000f5580000, 0x00000000ffc80000, 0x0000000100000000)
  eden space 114688K, 100% used [0x00000000f5580000,0x00000000fc580000,0x00000000fc580000)
  from space 26112K, 48% used [0x00000000fe300000,0x00000000fef50e30,0x00000000ffc80000)
  to   space 28160K, 0% used [0x00000000fc580000,0x00000000fc580000,0x00000000fe100000)
 ParOldGen       total 175104K, used 158004K [0x00000000e0000000, 0x00000000eab00000, 0x00000000f5580000)
  object space 175104K, 90% used [0x00000000e0000000,0x00000000e9a4d318,0x00000000eab00000)
 Metaspace       used 84525K, capacity 90361K, committed 90496K, reserved 1126400K
  class space    used 11331K, capacity 12648K, committed 12672K, reserved 1048576K
Event: 108.335 GC heap after
Heap after GC invocations=38 (full 3):
 PSYoungGen      total 142848K, used 13734K [0x00000000f5580000, 0x0000000100000000, 0x0000000100000000)
  eden space 114688K, 0% used [0x00000000f5580000,0x00000000f5580000,0x00000000fc580000)
  from space 28160K, 48% used [0x00000000fc580000,0x00000000fd2e9b48,0x00000000fe100000)
  to   space 27136K, 0% used [0x00000000fe580000,0x00000000fe580000,0x0000000100000000)
 ParOldGen       total 175104K, used 160285K [0x00000000e0000000, 0x00000000eab00000, 0x00000000f5580000)
  object space 175104K, 91% used [0x00000000e0000000,0x00000000e9c87520,0x00000000eab00000)
 Metaspace       used 84525K, capacity 90361K, committed 90496K, reserved 1126400K
  class space    used 11331K, capacity 12648K, committed 12672K, reserved 1048576K
}

Deoptimization events (10 events):
Event: 110.027 Thread 0x000000001d029000 Uncommon trap: reason=unstable_if action=reinterpret pc=0x0000000004a71efc method=org.gradle.internal.component.model.DefaultIvyArtifactName.hashCode()I @ 38
Event: 110.027 Thread 0x000000001d029000 Uncommon trap: reason=unstable_if action=reinterpret pc=0x0000000004a8976c method=org.gradle.internal.component.model.DefaultIvyArtifactName.hashCode()I @ 38
Event: 110.027 Thread 0x000000001d029000 Uncommon trap: reason=unstable_if action=reinterpret pc=0x000000000611f800 method=org.gradle.internal.component.external.model.DefaultModuleComponentArtifactIdentifier.getFileName()Ljava/lang/String; @ 12
Event: 110.027 Thread 0x000000001d029000 Uncommon trap: reason=unstable_if action=reinterpret pc=0x000000000614c0b8 method=org.gradle.internal.component.external.model.DefaultModuleComponentArtifactIdentifier.getFileName()Ljava/lang/String; @ 12
Event: 110.131 Thread 0x000000001d029000 Uncommon trap: reason=unstable_if action=reinterpret pc=0x0000000006065314 method=org.gradle.internal.component.model.DefaultIvyArtifactName.hashCode()I @ 38
Event: 110.985 Thread 0x000000001d029000 Uncommon trap: reason=unstable_if action=reinterpret pc=0x00000000037017d8 method=java.lang.Character.isSurrogate(C)Z @ 3
Event: 111.271 Thread 0x000000001d029000 Uncommon trap: reason=class_check action=maybe_recompile pc=0x00000000064a7e28 method=com.sun.org.apache.xerces.internal.dom.NamedNodeMapImpl.findNamePoint(Ljava/lang/String;I)I @ 54
Event: 111.271 Thread 0x000000001d029000 Uncommon trap: reason=class_check action=maybe_recompile pc=0x00000000064a7e28 method=com.sun.org.apache.xerces.internal.dom.NamedNodeMapImpl.findNamePoint(Ljava/lang/String;I)I @ 54
Event: 111.271 Thread 0x000000001d029000 Uncommon trap: reason=class_check action=maybe_recompile pc=0x00000000064a7e28 method=com.sun.org.apache.xerces.internal.dom.NamedNodeMapImpl.findNamePoint(Ljava/lang/String;I)I @ 54
Event: 111.271 Thread 0x000000001d029000 Uncommon trap: reason=class_check action=maybe_recompile pc=0x00000000064a7e28 method=com.sun.org.apache.xerces.internal.dom.NamedNodeMapImpl.findNamePoint(Ljava/lang/String;I)I @ 54

Classes redefined (0 events):
No events

Internal exceptions (10 events):
Event: 104.313 Thread 0x000000001b8d4000 Exception <a 'sun/nio/fs/WindowsException'> (0x00000000fb089790) thrown at [C:\re\workspace\8-2-build-windows-amd64-cygwin\jdk8u211\12973\hotspot\src\share\vm\prims\jni.cpp, line 710]
Event: 104.342 Thread 0x000000001b8cc000 Exception <a 'sun/nio/fs/WindowsException'> (0x00000000f9ca2390) thrown at [C:\re\workspace\8-2-build-windows-amd64-cygwin\jdk8u211\12973\hotspot\src\share\vm\prims\jni.cpp, line 710]
Event: 104.365 Thread 0x000000001d029000 Exception <a 'sun/nio/fs/WindowsException'> (0x00000000fb818b28) thrown at [C:\re\workspace\8-2-build-windows-amd64-cygwin\jdk8u211\12973\hotspot\src\share\vm\prims\jni.cpp, line 710]
Event: 104.381 Thread 0x000000001b8d1800 Exception <a 'sun/nio/fs/WindowsException'> (0x00000000fbaa1b88) thrown at [C:\re\workspace\8-2-build-windows-amd64-cygwin\jdk8u211\12973\hotspot\src\share\vm\prims\jni.cpp, line 710]
Event: 104.393 Thread 0x000000001b8d1800 Exception <a 'sun/nio/fs/WindowsException'> (0x00000000fbd92c00) thrown at [C:\re\workspace\8-2-build-windows-amd64-cygwin\jdk8u211\12973\hotspot\src\share\vm\prims\jni.cpp, line 710]
Event: 104.987 Thread 0x000000001b8ca000 Exception <a 'sun/nio/fs/WindowsException'> (0x00000000f79d7b40) thrown at [C:\re\workspace\8-2-build-windows-amd64-cygwin\jdk8u211\12973\hotspot\src\share\vm\prims\jni.cpp, line 710]
Event: 104.987 Thread 0x000000001b8ca000 Exception <a 'sun/nio/fs/WindowsException'> (0x00000000f79db170) thrown at [C:\re\workspace\8-2-build-windows-amd64-cygwin\jdk8u211\12973\hotspot\src\share\vm\prims\jni.cpp, line 710]
Event: 107.996 Thread 0x000000001b8d1000 Exception <a 'sun/nio/fs/WindowsException'> (0x00000000f7a29f00) thrown at [C:\re\workspace\8-2-build-windows-amd64-cygwin\jdk8u211\12973\hotspot\src\share\vm\prims\jni.cpp, line 710]
Event: 107.996 Thread 0x000000001b8d1000 Exception <a 'sun/nio/fs/WindowsException'> (0x00000000f7a2b838) thrown at [C:\re\workspace\8-2-build-windows-amd64-cygwin\jdk8u211\12973\hotspot\src\share\vm\prims\jni.cpp, line 710]
Event: 108.486 Thread 0x000000001b8cc000 Exception <a 'sun/nio/fs/WindowsException'> (0x00000000f5657688) thrown at [C:\re\workspace\8-2-build-windows-amd64-cygwin\jdk8u211\12973\hotspot\src\share\vm\prims\jni.cpp, line 710]

Events (10 events):
Event: 111.271 Thread 0x000000001d029000 DEOPT PACKING pc=0x00000000064a7e28 sp=0x0000000023edae60
Event: 111.271 Thread 0x000000001d029000 DEOPT UNPACKING pc=0x0000000002e5583b sp=0x0000000023edae18 mode 2
Event: 111.271 Thread 0x000000001d029000 Uncommon trap: trap_request=0xffffffde fr.pc=0x00000000064a7e28
Event: 111.271 Thread 0x000000001d029000 DEOPT PACKING pc=0x00000000064a7e28 sp=0x0000000023edae60
Event: 111.271 Thread 0x000000001d029000 DEOPT UNPACKING pc=0x0000000002e5583b sp=0x0000000023edae18 mode 2
Event: 111.271 Thread 0x000000001d029000 Uncommon trap: trap_request=0xffffffde fr.pc=0x00000000064a7e28
Event: 111.271 Thread 0x000000001d029000 DEOPT PACKING pc=0x00000000064a7e28 sp=0x0000000023edae60
Event: 111.271 Thread 0x000000001d029000 DEOPT UNPACKING pc=0x0000000002e5583b sp=0x0000000023edae18 mode 2
Event: 111.388 Thread 0x000000001d029000 DEOPT PACKING pc=0x00000000064973f0 sp=0x0000000023edb2f0
Event: 111.388 Thread 0x000000001d029000 DEOPT UNPACKING pc=0x0000000002e57890 sp=0x0000000023edb170 mode 0


Dynamic libraries:
0x00007ff6fe1e0000 - 0x00007ff6fe217000 	C:\Program Files\Java\jdk1.8.0_211\bin\java.exe
0x00007fff8ef40000 - 0x00007fff8f130000 	C:\Windows\SYSTEM32\ntdll.dll
0x00007fff8ed70000 - 0x00007fff8ee22000 	C:\Windows\System32\KERNEL32.DLL
0x00007fff8cbf0000 - 0x00007fff8ce93000 	C:\Windows\System32\KERNELBASE.dll
0x00007fff8db40000 - 0x00007fff8dbe3000 	C:\Windows\System32\ADVAPI32.dll
0x00007fff8ecd0000 - 0x00007fff8ed6e000 	C:\Windows\System32\msvcrt.dll
0x00007fff8d3b0000 - 0x00007fff8d447000 	C:\Windows\System32\sechost.dll
0x00007fff8dc60000 - 0x00007fff8dd80000 	C:\Windows\System32\RPCRT4.dll
0x00007fff8e340000 - 0x00007fff8e4d4000 	C:\Windows\System32\USER32.dll
0x00007fff8c080000 - 0x00007fff8c0a1000 	C:\Windows\System32\win32u.dll
0x00007fff8dff0000 - 0x00007fff8e016000 	C:\Windows\System32\GDI32.dll
0x00007fff8ca50000 - 0x00007fff8cbe4000 	C:\Windows\System32\gdi32full.dll
0x00007fff8c8e0000 - 0x00007fff8c97e000 	C:\Windows\System32\msvcp_win.dll
0x00007fff8ced0000 - 0x00007fff8cfca000 	C:\Windows\System32\ucrtbase.dll
0x00007fff7f100000 - 0x00007fff7f385000 	C:\Windows\WinSxS\amd64_microsoft.windows.common-controls_6595b64144ccf1df_6.0.18362.628_none_e6c6b62f130d50fc\COMCTL32.dll
0x00007fff8cff0000 - 0x00007fff8d326000 	C:\Windows\System32\combase.dll
0x00007fff8c9d0000 - 0x00007fff8ca50000 	C:\Windows\System32\bcryptPrimitives.dll
0x00007fff8e4e0000 - 0x00007fff8e50e000 	C:\Windows\System32\IMM32.DLL
0x000000006f8d0000 - 0x000000006f9a2000 	C:\Program Files\Java\jdk1.8.0_211\jre\bin\msvcr100.dll
0x000000006f020000 - 0x000000006f8c5000 	C:\Program Files\Java\jdk1.8.0_211\jre\bin\server\jvm.dll
0x00007fff8ebb0000 - 0x00007fff8ebb8000 	C:\Windows\System32\PSAPI.DLL
0x00007fff74700000 - 0x00007fff74709000 	C:\Windows\SYSTEM32\WSOCK32.dll
0x00007fff87c50000 - 0x00007fff87c5a000 	C:\Windows\SYSTEM32\VERSION.dll
0x00007fff89ec0000 - 0x00007fff89ee4000 	C:\Windows\SYSTEM32\WINMM.dll
0x00007fff8e020000 - 0x00007fff8e08f000 	C:\Windows\System32\WS2_32.dll
0x00007fff89a90000 - 0x00007fff89abd000 	C:\Windows\SYSTEM32\winmmbase.dll
0x00007fff8c980000 - 0x00007fff8c9ca000 	C:\Windows\System32\cfgmgr32.dll
0x00007fff746f0000 - 0x00007fff746ff000 	C:\Program Files\Java\jdk1.8.0_211\jre\bin\verify.dll
0x00007fff746c0000 - 0x00007fff746e9000 	C:\Program Files\Java\jdk1.8.0_211\jre\bin\java.dll
0x00007fff746a0000 - 0x00007fff746b6000 	C:\Program Files\Java\jdk1.8.0_211\jre\bin\zip.dll
0x00007fff8d450000 - 0x00007fff8db35000 	C:\Windows\System32\SHELL32.dll
0x00007fff8dd80000 - 0x00007fff8de29000 	C:\Windows\System32\shcore.dll
0x00007fff8c0b0000 - 0x00007fff8c82f000 	C:\Windows\System32\windows.storage.dll
0x00007fff8be60000 - 0x00007fff8be7f000 	C:\Windows\System32\profapi.dll
0x00007fff8be80000 - 0x00007fff8beca000 	C:\Windows\System32\powrprof.dll
0x00007fff8be10000 - 0x00007fff8be20000 	C:\Windows\System32\UMPDC.dll
0x00007fff8ebc0000 - 0x00007fff8ec12000 	C:\Windows\System32\shlwapi.dll
0x00007fff8be20000 - 0x00007fff8be31000 	C:\Windows\System32\kernel.appcore.dll
0x00007fff8cfd0000 - 0x00007fff8cfe7000 	C:\Windows\System32\cryptsp.dll
0x00007fff74680000 - 0x00007fff7469a000 	C:\Program Files\Java\jdk1.8.0_211\jre\bin\net.dll
0x00007fff83fc0000 - 0x00007fff84196000 	C:\Windows\SYSTEM32\urlmon.dll
0x00007fff831c0000 - 0x00007fff83466000 	C:\Windows\SYSTEM32\iertutil.dll
0x00007fff8b7f0000 - 0x00007fff8b7fc000 	C:\Windows\SYSTEM32\CRYPTBASE.DLL
0x00007fff8b620000 - 0x00007fff8b687000 	C:\Windows\system32\mswsock.dll
0x00007fff74660000 - 0x00007fff74672000 	C:\Program Files\Java\jdk1.8.0_211\jre\bin\nio.dll
0x00007fff705a0000 - 0x00007fff705c6000 	C:\Users\Annaniks\.gradle\native\30\windows-amd64\native-platform.dll
0x00007fff6cd40000 - 0x00007fff6cd4d000 	C:\Program Files\Java\jdk1.8.0_211\jre\bin\management.dll
0x00007fff8b190000 - 0x00007fff8b1c3000 	C:\Windows\system32\rsaenh.dll
0x00007fff8cea0000 - 0x00007fff8cec6000 	C:\Windows\System32\bcrypt.dll
0x00007fff8bd30000 - 0x00007fff8bd55000 	C:\Windows\SYSTEM32\USERENV.dll
0x00007fff8b330000 - 0x00007fff8b36a000 	C:\Windows\SYSTEM32\IPHLPAPI.DLL
0x00007fff8dc50000 - 0x00007fff8dc58000 	C:\Windows\System32\NSI.dll
0x00007fff87630000 - 0x00007fff87646000 	C:\Windows\SYSTEM32\dhcpcsvc6.DLL
0x00007fff87610000 - 0x00007fff8762c000 	C:\Windows\SYSTEM32\dhcpcsvc.DLL
0x00007fff8b380000 - 0x00007fff8b44a000 	C:\Windows\SYSTEM32\DNSAPI.dll
0x00007fff5c010000 - 0x00007fff5c034000 	C:\Program Files\Java\jdk1.8.0_211\jre\bin\sunec.dll
0x00007fff84e20000 - 0x00007fff84e2a000 	C:\Windows\System32\rasadhlp.dll
0x00007fff87430000 - 0x00007fff874a7000 	C:\Windows\System32\fwpuclnt.dll
0x00007fff74650000 - 0x00007fff7465b000 	C:\Program Files\Java\jdk1.8.0_211\jre\bin\sunmscapi.dll
0x00007fff8bed0000 - 0x00007fff8c019000 	C:\Windows\System32\CRYPT32.dll
0x00007fff8be40000 - 0x00007fff8be52000 	C:\Windows\System32\MSASN1.dll
0x00007fff8ae70000 - 0x00007fff8aea1000 	C:\Windows\SYSTEM32\ntmarta.dll

VM Arguments:
jvm_args: -XX:MaxMetaspaceSize=256m -XX:+HeapDumpOnOutOfMemoryError -Xms256m -Xmx512m -Dfile.encoding=windows-1252 -Duser.country=US -Duser.language=en -Duser.variant 
java_command: org.gradle.launcher.daemon.bootstrap.GradleDaemon 6.0.1
java_class_path (initial): C:\Users\Annaniks\.gradle\wrapper\dists\gradle-6.0.1-all\99d3u8wxs16ndehh90lbbir67\gradle-6.0.1\lib\gradle-launcher-6.0.1.jar
Launcher Type: SUN_STANDARD

Environment Variables:
JAVA_HOME=C:\Program Files\Java\jdk1.8.0_211
CLASSPATH=D:\react_native_projects\Top_radio\android\\gradle\wrapper\gradle-wrapper.jar
PATH=D:\react_native_projects\Top_radio\android\node_modules\.bin;D:\react_native_projects\Top_radio\node_modules\.bin;D:\react_native_projects\node_modules\.bin;D:\node_modules\.bin;C:\Program Files\nodejs;C:\Windows\system32;C:\Windows;C:\Windows\System32\Wbem;C:\Windows\System32\WindowsPowerShell\v1.0\;C:\Program Files\nodejs\;C:\Program Files\Git\cmd;C:\Program Files\Java\jdk-14.0.1\bin;C:\Python27;C:\Users\Annaniks\AppData\Local\Android\Sdk\platform-tools;C:\ProgramData\chocolatey\bin;C:\Program Files\Java\jdk1.8.0_211\bin;C:\Users\Annaniks\AppData\Local\Microsoft\WindowsApps;C:\Users\Annaniks\AppData\Roaming\npm;C:\Python27\Scripts;C:\src\flutter\bin;C:\Users\Annaniks\AppData\Local\Programs\Microsoft VS Code\bin
USERNAME=Annaniks
OS=Windows_NT
PROCESSOR_IDENTIFIER=Intel64 Family 6 Model 158 Stepping 10, GenuineIntel



---------------  S Y S T E M  ---------------

OS: Windows 10.0 , 64 bit Build 18362 (10.0.18362.329)

CPU:total 6 (initial active 6) (6 cores per cpu, 1 threads per core) family 6 model 158 stepping 10, cmov, cx8, fxsr, mmx, sse, sse2, sse3, ssse3, sse4.1, sse4.2, popcnt, avx, avx2, aes, clmul, erms, 3dnowpref, lzcnt, tsc, tscinvbit, bmi1, bmi2, adx

Memory: 4k page, physical 8249832k(428912k free), swap 8249832k(1016k free)

vm_info: Java HotSpot(TM) 64-Bit Server VM (25.211-b12) for windows-amd64 JRE (1.8.0_211-b12), built on Apr  1 2019 20:53:26 by "java_re" with MS VC++ 10.0 (VS2010)

time: Mon Aug 31 10:12:21 2020
timezone: Caucasus Standard Time
elapsed time: 113 seconds (0d 0h 1m 53s)

