#
# There is insufficient memory for the Java Runtime Environment to continue.
# Native memory allocation (malloc) failed to allocate 1135360 bytes for Chunk::new
# Possible reasons:
#   The system is out of physical RAM or swap space
#   The process is running with CompressedOops enabled, and the Java Heap may be blocking the growth of the native heap
# Possible solutions:
#   Reduce memory load on the system
#   Increase physical memory or swap space
#   Check if swap backing store is full
#   Decrease Java heap size (-Xmx/-Xms)
#   Decrease number of Java threads
#   Decrease Java thread stack sizes (-Xss)
#   Set larger code cache with -XX:ReservedCodeCacheSize=
#   JVM is running with Unscaled Compressed Oops mode in which the Java heap is
#     placed in the first 4GB address space. The Java Heap base address is the
#     maximum limit for the native heap growth. Please use -XX:HeapBaseMinAddress
#     to set the Java Heap base and to place the Java Heap above 4GB virtual address.
# This output file may be truncated or incomplete.
#
#  Out of Memory Error (allocation.cpp:389), pid=6444, tid=0x0000000000001928
#
# JRE version: Java(TM) SE Runtime Environment (8.0_211-b12) (build 1.8.0_211-b12)
# Java VM: Java HotSpot(TM) 64-Bit Server VM (25.211-b12 mixed mode windows-amd64 compressed oops)
# Failed to write core dump. Minidumps are not enabled by default on client versions of Windows
#

---------------  T H R E A D  ---------------

Current thread (0x00000000147e6800):  JavaThread "C2 CompilerThread0" daemon [_thread_in_native, id=6440, stack(0x0000000016480000,0x0000000016580000)]

Stack: [0x0000000016480000,0x0000000016580000]
[error occurred during error reporting (printing stack bounds), id 0xc0000005]

Native frames: (J=compiled Java code, j=interpreted, Vv=VM code, C=native code)


Current CompileTask:
C2: 148065 25641 %     4       com.sun.tools.javac.jvm.ClassWriter::writePool @ 18 (1051 bytes)


---------------  P R O C E S S  ---------------

Java Threads: ( => current thread )
  0x000000001baac000 JavaThread "WorkerExecutor Queue Thread 13" [_thread_blocked, id=4568, stack(0x0000000025810000,0x0000000025910000)]
  0x000000001baa9800 JavaThread "WorkerExecutor Queue Thread 11" [_thread_blocked, id=3876, stack(0x0000000024f10000,0x0000000025010000)]
  0x0000000017680800 JavaThread "WorkerExecutor Queue Thread 10" [_thread_blocked, id=4468, stack(0x0000000024e10000,0x0000000024f10000)]
  0x000000001767f000 JavaThread "WorkerExecutor Queue Thread 9" [_thread_blocked, id=1680, stack(0x0000000024a50000,0x0000000024b50000)]
  0x0000000017681000 JavaThread "WorkerExecutor Queue Thread 8" [_thread_blocked, id=7088, stack(0x00000000264d0000,0x00000000265d0000)]
  0x0000000017688800 JavaThread "stdout" [_thread_in_native, id=4992, stack(0x00000000291b0000,0x00000000292b0000)]
  0x000000001768b000 JavaThread "stderr" [_thread_in_native, id=2792, stack(0x00000000290b0000,0x00000000291b0000)]
  0x0000000017688000 JavaThread "stdout" [_thread_in_native, id=5512, stack(0x0000000028fb0000,0x00000000290b0000)]
  0x000000001768a000 JavaThread "stderr" [_thread_in_native, id=1816, stack(0x0000000028eb0000,0x0000000028fb0000)]
  0x0000000017689800 JavaThread "stdout" [_thread_in_native, id=7076, stack(0x0000000028db0000,0x0000000028eb0000)]
  0x000000001768b800 JavaThread "stderr" [_thread_in_native, id=5824, stack(0x0000000028cb0000,0x0000000028db0000)]
  0x0000000017687000 JavaThread "stdout" [_thread_in_native, id=7204, stack(0x0000000028bb0000,0x0000000028cb0000)]
  0x000000001767f800 JavaThread "stdout" [_thread_in_native, id=3008, stack(0x0000000028ab0000,0x0000000028bb0000)]
  0x0000000017686800 JavaThread "stdout" [_thread_in_native, id=1244, stack(0x00000000289b0000,0x0000000028ab0000)]
  0x0000000017685800 JavaThread "stderr" [_thread_in_native, id=2816, stack(0x00000000288b0000,0x00000000289b0000)]
  0x000000001767e000 JavaThread "stderr" [_thread_in_native, id=3536, stack(0x00000000287b0000,0x00000000288b0000)]
  0x0000000017685000 JavaThread "stderr" [_thread_in_native, id=6292, stack(0x00000000262c0000,0x00000000263c0000)]
  0x0000000017682800 JavaThread "pool-4-thread-1" [_thread_blocked, id=2460, stack(0x00000000263d0000,0x00000000264d0000)]
  0x000000001bab0800 JavaThread "Cache worker for Java compile cache (D:\react_native_projects\Top_radio\android\.gradle\6.0.1\javaCompile)" [_thread_in_native, id=7272, stack(0x0000000025c10000,0x0000000025d10000)]
  0x000000001baac800 JavaThread "Cache worker for Java compile cache (C:\Users\Annaniks\.gradle\caches\6.0.1\javaCompile)" [_thread_blocked, id=2800, stack(0x0000000025b10000,0x0000000025c10000)]
  0x000000001baaa800 JavaThread "WorkerExecutor Queue Thread 5" [_thread_blocked, id=5352, stack(0x0000000024950000,0x0000000024a50000)]
  0x000000001c5bd000 JavaThread "Cache worker for execution history cache (D:\react_native_projects\Top_radio\android\.gradle\6.0.1\executionHistory)" [_thread_blocked, id=2512, stack(0x0000000024650000,0x0000000024750000)]
  0x000000001c5bb800 JavaThread "Execution worker for ':' Thread 5" [_thread_blocked, id=6184, stack(0x0000000024350000,0x0000000024450000)]
  0x00000000187d0000 JavaThread "Execution worker for ':' Thread 4" [_thread_blocked, id=7936, stack(0x0000000024050000,0x0000000024150000)]
  0x00000000187cf800 JavaThread "Execution worker for ':' Thread 3" [_thread_blocked, id=7840, stack(0x0000000023f50000,0x0000000024050000)]
  0x00000000187cd000 JavaThread "Execution worker for ':' Thread 2" [_thread_blocked, id=7036, stack(0x0000000023e50000,0x0000000023f50000)]
  0x00000000187cb800 JavaThread "Execution worker for ':'" [_thread_blocked, id=1248, stack(0x0000000023d50000,0x0000000023e50000)]
  0x00000000187ce800 JavaThread "Cache worker for file content cache (D:\react_native_projects\Top_radio\android\.gradle\6.0.1\fileContent)" [_thread_blocked, id=1096, stack(0x0000000023c50000,0x0000000023d50000)]
  0x000000001c5bf800 JavaThread "Cache worker for Build Output Cleanup Cache (D:\react_native_projects\Top_radio\android\.gradle\buildOutputCleanup)" [_thread_blocked, id=1936, stack(0x0000000021ee0000,0x0000000021fe0000)]
  0x000000001c5be800 JavaThread "Build operations Thread 6" [_thread_blocked, id=1048, stack(0x000000001ff90000,0x0000000020090000)]
  0x000000001c5be000 JavaThread "Build operations Thread 5" [_thread_blocked, id=2008, stack(0x000000001f890000,0x000000001f990000)]
  0x000000001c5b4000 JavaThread "Build operations Thread 4" [_thread_blocked, id=2356, stack(0x000000001f790000,0x000000001f890000)]
  0x000000001c5bb000 JavaThread "Build operations Thread 3" [_thread_blocked, id=2036, stack(0x000000001f690000,0x000000001f790000)]
  0x000000001c5ba000 JavaThread "Build operations Thread 2" [_thread_blocked, id=7788, stack(0x000000001f590000,0x000000001f690000)]
  0x000000001c5b5800 JavaThread "Build operations" [_thread_blocked, id=2544, stack(0x000000001f490000,0x000000001f590000)]
  0x000000001c5b9800 JavaThread "Cache worker for cache directory md-rule (C:\Users\Annaniks\.gradle\caches\6.0.1\md-rule)" [_thread_blocked, id=5624, stack(0x000000001f390000,0x000000001f490000)]
  0x000000001c5b3800 JavaThread "Cache worker for cache directory md-supplier (C:\Users\Annaniks\.gradle\caches\6.0.1\md-supplier)" [_thread_blocked, id=1724, stack(0x000000001ead0000,0x000000001ebd0000)]
  0x000000001c5b5000 JavaThread "Cache worker for file hash cache (D:\react_native_projects\Top_radio\android\.gradle\6.0.1\fileHashes)" [_thread_blocked, id=2560, stack(0x000000001d110000,0x000000001d210000)]
  0x000000001c5b7000 JavaThread "Thread-60" [_thread_blocked, id=6512, stack(0x000000001bf70000,0x000000001c070000)]
  0x000000001c5b2000 JavaThread "Stdin handler" [_thread_blocked, id=4204, stack(0x000000001a6a0000,0x000000001a7a0000)]
  0x000000001c5b8800 JavaThread "Asynchronous log dispatcher for DefaultDaemonConnection: socket connection from /127.0.0.1:63656 to /127.0.0.1:63732" [_thread_blocked, id=4608, stack(0x0000000001540000,0x0000000001640000)]
  0x000000001c5b1000 JavaThread "Cancel handler" [_thread_blocked, id=6480, stack(0x0000000001400000,0x0000000001500000)]
  0x000000001c5b6800 JavaThread "Handler for socket connection from /127.0.0.1:63656 to /127.0.0.1:63732" [_thread_in_native, id=4416, stack(0x0000000001300000,0x0000000001400000)]
  0x000000001c5b8000 JavaThread "Cache worker for file content cache (C:\Users\Annaniks\.gradle\caches\6.0.1\fileContent)" [_thread_blocked, id=5360, stack(0x0000000020db0000,0x0000000020eb0000)]
  0x000000001c5b0800 JavaThread "Memory manager" [_thread_blocked, id=5868, stack(0x0000000020890000,0x0000000020990000)]
  0x00000000187ce000 JavaThread "Cache worker for execution history cache (C:\Users\Annaniks\.gradle\caches\6.0.1\executionHistory)" [_thread_blocked, id=8184, stack(0x000000001ebd0000,0x000000001ecd0000)]
  0x00000000187cb000 JavaThread "Cache worker for journal cache (C:\Users\Annaniks\.gradle\caches\journal-1)" [_thread_blocked, id=3228, stack(0x000000001aaa0000,0x000000001aba0000)]
  0x00000000187ca000 JavaThread "File lock request listener" [_thread_in_native, id=6680, stack(0x000000001a9a0000,0x000000001aaa0000)]
  0x00000000187c9800 JavaThread "Cache worker for file hash cache (C:\Users\Annaniks\.gradle\caches\6.0.1\fileHashes)" [_thread_blocked, id=3784, stack(0x000000001a7a0000,0x000000001a8a0000)]
  0x00000000186dd000 JavaThread "Daemon worker" [_thread_blocked, id=1300, stack(0x000000001a1a0000,0x000000001a2a0000)]
  0x0000000018671800 JavaThread "Daemon" [_thread_blocked, id=5684, stack(0x0000000019ea0000,0x0000000019fa0000)]
  0x000000001866b800 JavaThread "Daemon periodic checks" [_thread_blocked, id=5436, stack(0x0000000019da0000,0x0000000019ea0000)]
  0x0000000018682000 JavaThread "Incoming local TCP Connector on port 63656" [_thread_in_native, id=7828, stack(0x0000000019b60000,0x0000000019c60000)]
  0x0000000018570800 JavaThread "Daemon health stats" [_thread_blocked, id=6488, stack(0x0000000019520000,0x0000000019620000)]
  0x00000000147fe800 JavaThread "Service Thread" daemon [_thread_blocked, id=1876, stack(0x0000000016b80000,0x0000000016c80000)]
  0x00000000147eb000 JavaThread "C1 CompilerThread2" daemon [_thread_blocked, id=1392, stack(0x0000000016680000,0x0000000016780000)]
  0x00000000147ea000 JavaThread "C2 CompilerThread1" daemon [_thread_blocked, id=7424, stack(0x0000000016580000,0x0000000016680000)]
=>0x00000000147e6800 JavaThread "C2 CompilerThread0" daemon [_thread_in_native, id=6440, stack(0x0000000016480000,0x0000000016580000)]
  0x00000000147e2000 JavaThread "Attach Listener" daemon [_thread_blocked, id=4328, stack(0x0000000016380000,0x0000000016480000)]
  0x00000000147e0000 JavaThread "Signal Dispatcher" daemon [_thread_blocked, id=6432, stack(0x0000000016280000,0x0000000016380000)]
  0x000000000310c800 JavaThread "Finalizer" daemon [_thread_blocked, id=5768, stack(0x0000000016080000,0x0000000016180000)]
  0x00000000147cc800 JavaThread "Reference Handler" daemon [_thread_blocked, id=1796, stack(0x0000000015f80000,0x0000000016080000)]
  0x0000000003012800 JavaThread "main" [_thread_blocked, id=776, stack(0x0000000002ef0000,0x0000000002ff0000)]

Other Threads:
  0x00000000147a7800 VMThread [stack: 0x0000000015e80000,0x0000000015f80000] [id=892]
  0x0000000016812000 WatcherThread [stack: 0x0000000016c80000,0x0000000016d80000] [id=5952]

VM state:not at safepoint (normal execution)

VM Mutex/Monitor currently owned by a thread: None

heap address: 0x00000000e0000000, size: 512 MB, Compressed Oops mode: 32-bit
Narrow klass base: 0x0000000000000000, Narrow klass shift: 3
Compressed class space size: 1073741824 Address: 0x0000000100000000

Heap:
 PSYoungGen      total 116736K, used 106396K [0x00000000f5580000, 0x0000000100000000, 0x0000000100000000)
  eden space 58880K, 82% used [0x00000000f5580000,0x00000000f84ed160,0x00000000f8f00000)
  from space 57856K, 99% used [0x00000000f8f00000,0x00000000fc77a080,0x00000000fc780000)
  to   space 57856K, 0% used [0x00000000fc780000,0x00000000fc780000,0x0000000100000000)
 ParOldGen       total 349696K, used 199472K [0x00000000e0000000, 0x00000000f5580000, 0x00000000f5580000)
  object space 349696K, 57% used [0x00000000e0000000,0x00000000ec2cc0d8,0x00000000f5580000)
 Metaspace       used 93719K, capacity 100839K, committed 100992K, reserved 1136640K
  class space    used 12305K, capacity 13861K, committed 13952K, reserved 1048576K

Card table byte_map: [0x0000000012540000,0x0000000012650000] byte_map_base: 0x0000000011e40000

Marking Bits: (ParMarkBitMap*) 0x000000006e965ce0
 Begin Bits: [0x0000000012d00000, 0x0000000013500000)
 End Bits:   [0x0000000013500000, 0x0000000013d00000)

Polling page: 0x0000000001710000

CodeCache: size=245760Kb used=71601Kb max_used=71602Kb free=174159Kb
 bounds [0x0000000003180000, 0x00000000077d0000, 0x0000000012180000]
 total_blobs=21101 nmethods=20230 adapters=781
 compilation: enabled

Compilation events (10 events):
Event: 147.443 Thread 0x00000000147eb000 25698       3       com.sun.tools.javac.comp.Check$1AnnotationValidator::visitAnnotation (25 bytes)
Event: 147.444 Thread 0x00000000147eb000 nmethod 25698 0x00000000076f6ed0 code [0x00000000076f7080, 0x00000000076f7678]
Event: 147.444 Thread 0x00000000147eb000 25699       3       com.sun.tools.javac.comp.Check::access$900 (6 bytes)
Event: 147.444 Thread 0x00000000147eb000 nmethod 25699 0x00000000076f6b10 code [0x00000000076f6c80, 0x00000000076f6de8]
Event: 147.461 Thread 0x00000000147eb000 25702       2       com.sun.tools.javac.jvm.Gen::visitNewArray (194 bytes)
Event: 147.462 Thread 0x00000000147eb000 nmethod 25702 0x000000000778bd10 code [0x000000000778bfa0, 0x000000000778c948]
Event: 147.472 Thread 0x00000000147ea000 nmethod 25659 0x0000000007793590 code [0x00000000077942c0, 0x0000000007799378]
Event: 147.472 Thread 0x00000000147ea000 25703 % !   4       com.sun.tools.javac.comp.Flow$AssignAnalyzer::visitClassDef @ 451 (579 bytes)
Event: 147.475 Thread 0x00000000147ea000 nmethod 25703% 0x0000000007744a90 code [0x0000000007744c20, 0x00000000077450f8]
Event: 147.475 Thread 0x00000000147ea000 25696 % !   4       com.sun.tools.javac.comp.Flow$FlowAnalyzer::visitClassDef @ 114 (631 bytes)

GC Heap History (10 events):
Event: 144.818 GC heap before
{Heap before GC invocations=75 (full 8):
 PSYoungGen      total 124928K, used 113648K [0x00000000f5580000, 0x0000000100000000, 0x0000000100000000)
  eden space 80384K, 100% used [0x00000000f5580000,0x00000000fa400000,0x00000000fa400000)
  from space 44544K, 74% used [0x00000000fd480000,0x00000000ff4fc1f8,0x0000000100000000)
  to   space 47104K, 0% used [0x00000000fa400000,0x00000000fa400000,0x00000000fd200000)
 ParOldGen       total 349696K, used 168651K [0x00000000e0000000, 0x00000000f5580000, 0x00000000f5580000)
  object space 349696K, 48% used [0x00000000e0000000,0x00000000ea4b2e58,0x00000000f5580000)
 Metaspace       used 93671K, capacity 100775K, committed 100992K, reserved 1136640K
  class space    used 12305K, capacity 13861K, committed 13952K, reserved 1048576K
Event: 144.843 GC heap after
Heap after GC invocations=75 (full 8):
 PSYoungGen      total 127488K, used 29104K [0x00000000f5580000, 0x0000000100000000, 0x0000000100000000)
  eden space 80384K, 0% used [0x00000000f5580000,0x00000000f5580000,0x00000000fa400000)
  from space 47104K, 61% used [0x00000000fa400000,0x00000000fc06c1d8,0x00000000fd200000)
  to   space 47104K, 0% used [0x00000000fd200000,0x00000000fd200000,0x0000000100000000)
 ParOldGen       total 349696K, used 168795K [0x00000000e0000000, 0x00000000f5580000, 0x00000000f5580000)
  object space 349696K, 48% used [0x00000000e0000000,0x00000000ea4d6e58,0x00000000f5580000)
 Metaspace       used 93671K, capacity 100775K, committed 100992K, reserved 1136640K
  class space    used 12305K, capacity 13861K, committed 13952K, reserved 1048576K
}
Event: 145.728 GC heap before
{Heap before GC invocations=76 (full 8):
 PSYoungGen      total 127488K, used 109163K [0x00000000f5580000, 0x0000000100000000, 0x0000000100000000)
  eden space 80384K, 99% used [0x00000000f5580000,0x00000000fa3aebd0,0x00000000fa400000)
  from space 47104K, 61% used [0x00000000fa400000,0x00000000fc06c1d8,0x00000000fd200000)
  to   space 47104K, 0% used [0x00000000fd200000,0x00000000fd200000,0x0000000100000000)
 ParOldGen       total 349696K, used 168795K [0x00000000e0000000, 0x00000000f5580000, 0x00000000f5580000)
  object space 349696K, 48% used [0x00000000e0000000,0x00000000ea4d6e58,0x00000000f5580000)
 Metaspace       used 93672K, capacity 100775K, committed 100992K, reserved 1136640K
  class space    used 12305K, capacity 13861K, committed 13952K, reserved 1048576K
Event: 145.746 GC heap after
Heap after GC invocations=76 (full 8):
 PSYoungGen      total 123392K, used 21098K [0x00000000f5580000, 0x00000000ffc00000, 0x0000000100000000)
  eden space 80384K, 0% used [0x00000000f5580000,0x00000000f5580000,0x00000000fa400000)
  from space 43008K, 49% used [0x00000000fd200000,0x00000000fe69ab00,0x00000000ffc00000)
  to   space 45056K, 0% used [0x00000000fa400000,0x00000000fa400000,0x00000000fd000000)
 ParOldGen       total 349696K, used 169399K [0x00000000e0000000, 0x00000000f5580000, 0x00000000f5580000)
  object space 349696K, 48% used [0x00000000e0000000,0x00000000ea56dd40,0x00000000f5580000)
 Metaspace       used 93672K, capacity 100775K, committed 100992K, reserved 1136640K
  class space    used 12305K, capacity 13861K, committed 13952K, reserved 1048576K
}
Event: 145.949 GC heap before
{Heap before GC invocations=77 (full 8):
 PSYoungGen      total 123392K, used 101482K [0x00000000f5580000, 0x00000000ffc00000, 0x0000000100000000)
  eden space 80384K, 100% used [0x00000000f5580000,0x00000000fa400000,0x00000000fa400000)
  from space 43008K, 49% used [0x00000000fd200000,0x00000000fe69ab00,0x00000000ffc00000)
  to   space 45056K, 0% used [0x00000000fa400000,0x00000000fa400000,0x00000000fd000000)
 ParOldGen       total 349696K, used 169399K [0x00000000e0000000, 0x00000000f5580000, 0x00000000f5580000)
  object space 349696K, 48% used [0x00000000e0000000,0x00000000ea56dd40,0x00000000f5580000)
 Metaspace       used 93680K, capacity 100775K, committed 100992K, reserved 1136640K
  class space    used 12305K, capacity 13861K, committed 13952K, reserved 1048576K
Event: 145.970 GC heap after
Heap after GC invocations=77 (full 8):
 PSYoungGen      total 125440K, used 35630K [0x00000000f5580000, 0x0000000100000000, 0x0000000100000000)
  eden space 80384K, 0% used [0x00000000f5580000,0x00000000f5580000,0x00000000fa400000)
  from space 45056K, 79% used [0x00000000fa400000,0x00000000fc6cbb98,0x00000000fd000000)
  to   space 47616K, 0% used [0x00000000fd180000,0x00000000fd180000,0x0000000100000000)
 ParOldGen       total 349696K, used 169543K [0x00000000e0000000, 0x00000000f5580000, 0x00000000f5580000)
  object space 349696K, 48% used [0x00000000e0000000,0x00000000ea591d50,0x00000000f5580000)
 Metaspace       used 93680K, capacity 100775K, committed 100992K, reserved 1136640K
  class space    used 12305K, capacity 13861K, committed 13952K, reserved 1048576K
}
Event: 146.579 GC heap before
{Heap before GC invocations=78 (full 8):
 PSYoungGen      total 125440K, used 116014K [0x00000000f5580000, 0x0000000100000000, 0x0000000100000000)
  eden space 80384K, 100% used [0x00000000f5580000,0x00000000fa400000,0x00000000fa400000)
  from space 45056K, 79% used [0x00000000fa400000,0x00000000fc6cbb98,0x00000000fd000000)
  to   space 47616K, 0% used [0x00000000fd180000,0x00000000fd180000,0x0000000100000000)
 ParOldGen       total 349696K, used 169543K [0x00000000e0000000, 0x00000000f5580000, 0x00000000f5580000)
  object space 349696K, 48% used [0x00000000e0000000,0x00000000ea591d50,0x00000000f5580000)
 Metaspace       used 93681K, capacity 100775K, committed 100992K, reserved 1136640K
  class space    used 12305K, capacity 13861K, committed 13952K, reserved 1048576K
Event: 146.608 GC heap after
Heap after GC invocations=78 (full 8):
 PSYoungGen      total 106496K, used 47592K [0x00000000f5580000, 0x0000000100000000, 0x0000000100000000)
  eden space 58880K, 0% used [0x00000000f5580000,0x00000000f5580000,0x00000000f8f00000)
  from space 47616K, 99% used [0x00000000fd180000,0x00000000ffffa300,0x0000000100000000)
  to   space 57856K, 0% used [0x00000000f8f00000,0x00000000f8f00000,0x00000000fc780000)
 ParOldGen       total 349696K, used 184320K [0x00000000e0000000, 0x00000000f5580000, 0x00000000f5580000)
  object space 349696K, 52% used [0x00000000e0000000,0x00000000eb4002e0,0x00000000f5580000)
 Metaspace       used 93681K, capacity 100775K, committed 100992K, reserved 1136640K
  class space    used 12305K, capacity 13861K, committed 13952K, reserved 1048576K
}
Event: 147.266 GC heap before
{Heap before GC invocations=79 (full 8):
 PSYoungGen      total 106496K, used 106472K [0x00000000f5580000, 0x0000000100000000, 0x0000000100000000)
  eden space 58880K, 100% used [0x00000000f5580000,0x00000000f8f00000,0x00000000f8f00000)
  from space 47616K, 99% used [0x00000000fd180000,0x00000000ffffa300,0x0000000100000000)
  to   space 57856K, 0% used [0x00000000f8f00000,0x00000000f8f00000,0x00000000fc780000)
 ParOldGen       total 349696K, used 184320K [0x00000000e0000000, 0x00000000f5580000, 0x00000000f5580000)
  object space 349696K, 52% used [0x00000000e0000000,0x00000000eb4002e0,0x00000000f5580000)
 Metaspace       used 93692K, capacity 100775K, committed 100992K, reserved 1136640K
  class space    used 12305K, capacity 13861K, committed 13952K, reserved 1048576K
Event: 147.298 GC heap after
Heap after GC invocations=79 (full 8):
 PSYoungGen      total 116736K, used 57832K [0x00000000f5580000, 0x0000000100000000, 0x0000000100000000)
  eden space 58880K, 0% used [0x00000000f5580000,0x00000000f5580000,0x00000000f8f00000)
  from space 57856K, 99% used [0x00000000f8f00000,0x00000000fc77a080,0x00000000fc780000)
  to   space 57856K, 0% used [0x00000000fc780000,0x00000000fc780000,0x0000000100000000)
 ParOldGen       total 349696K, used 199472K [0x00000000e0000000, 0x00000000f5580000, 0x00000000f5580000)
  object space 349696K, 57% used [0x00000000e0000000,0x00000000ec2cc0d8,0x00000000f5580000)
 Metaspace       used 93692K, capacity 100775K, committed 100992K, reserved 1136640K
  class space    used 12305K, capacity 13861K, committed 13952K, reserved 1048576K
}

Deoptimization events (10 events):
Event: 145.755 Thread 0x00000000187cb800 Uncommon trap: reason=unstable_if action=reinterpret pc=0x0000000005d90574 method=org.gradle.execution.plan.DefaultExecutionPlan.hasNodeWithOverlappingMutations(Ljava/util/Set;)Z @ 65
Event: 145.755 Thread 0x00000000187cf800 Uncommon trap: reason=unstable_if action=reinterpret pc=0x0000000005d90574 method=org.gradle.execution.plan.DefaultExecutionPlan.hasNodeWithOverlappingMutations(Ljava/util/Set;)Z @ 65
Event: 145.755 Thread 0x00000000187d0000 Uncommon trap: reason=unstable_if action=reinterpret pc=0x0000000005d90574 method=org.gradle.execution.plan.DefaultExecutionPlan.hasNodeWithOverlappingMutations(Ljava/util/Set;)Z @ 65
Event: 145.900 Thread 0x00000000186dd000 Uncommon trap: reason=unstable_if action=reinterpret pc=0x00000000075ac964 method=com.sun.tools.javac.parser.Tokens$Token.getComments(Lcom/sun/tools/javac/parser/Tokens$Comment$CommentStyle;)Lcom/sun/tools/javac/util/List; @ 55
Event: 145.900 Thread 0x00000000186dd000 Uncommon trap: reason=unstable_if action=reinterpret pc=0x00000000075b48ec method=com.sun.tools.javac.parser.Tokens$Token.getComments(Lcom/sun/tools/javac/parser/Tokens$Comment$CommentStyle;)Lcom/sun/tools/javac/util/List; @ 55
Event: 145.900 Thread 0x00000000186dd000 Uncommon trap: reason=unstable_if action=reinterpret pc=0x00000000062d31a0 method=com.sun.tools.javac.parser.UnicodeReader.scanCommentChar()V @ 10
Event: 145.900 Thread 0x00000000186dd000 Uncommon trap: reason=unstable_if action=reinterpret pc=0x00000000062af0d4 method=com.sun.tools.javac.parser.UnicodeReader.scanChar()V @ 37
Event: 146.405 Thread 0x00000000186dd000 Uncommon trap: reason=class_check action=maybe_recompile pc=0x000000000633a598 method=com.sun.tools.javac.comp.Check.checkDeprecated(Lcom/sun/tools/javac/util/JCDiagnostic$DiagnosticPosition;Lcom/sun/tools/javac/code/Symbol;Lcom/sun/tools/javac/code/Symbo
Event: 146.656 Thread 0x00000000186dd000 Uncommon trap: reason=unstable_if action=reinterpret pc=0x00000000066b4658 method=com.sun.tools.javac.code.Symbol$VarSymbol.getKind()Ljavax/lang/model/element/ElementKind; @ 52
Event: 146.720 Thread 0x00000000186dd000 Uncommon trap: reason=bimorphic action=maybe_recompile pc=0x000000000633a650 method=com.sun.tools.javac.comp.Check.checkDeprecated(Lcom/sun/tools/javac/util/JCDiagnostic$DiagnosticPosition;Lcom/sun/tools/javac/code/Symbol;Lcom/sun/tools/javac/code/Symbol;

Classes redefined (0 events):
No events

Internal exceptions (10 events):
Event: 145.683 Thread 0x0000000017680800 Exception <a 'sun/nio/fs/WindowsException'> (0x00000000fa08d920) thrown at [C:\re\workspace\8-2-build-windows-amd64-cygwin\jdk8u211\12973\hotspot\src\share\vm\prims\jni.cpp, line 710]
Event: 145.683 Thread 0x0000000017680800 Exception <a 'sun/nio/fs/WindowsException'> (0x00000000fa08e600) thrown at [C:\re\workspace\8-2-build-windows-amd64-cygwin\jdk8u211\12973\hotspot\src\share\vm\prims\jni.cpp, line 710]
Event: 145.684 Thread 0x0000000017680800 Exception <a 'sun/nio/fs/WindowsException'> (0x00000000fa0aedf0) thrown at [C:\re\workspace\8-2-build-windows-amd64-cygwin\jdk8u211\12973\hotspot\src\share\vm\prims\jni.cpp, line 710]
Event: 145.684 Thread 0x0000000017680800 Exception <a 'sun/nio/fs/WindowsException'> (0x00000000fa0afab0) thrown at [C:\re\workspace\8-2-build-windows-amd64-cygwin\jdk8u211\12973\hotspot\src\share\vm\prims\jni.cpp, line 710]
Event: 145.684 Thread 0x0000000017680800 Exception <a 'sun/nio/fs/WindowsException'> (0x00000000fa0d0198) thrown at [C:\re\workspace\8-2-build-windows-amd64-cygwin\jdk8u211\12973\hotspot\src\share\vm\prims\jni.cpp, line 710]
Event: 145.684 Thread 0x0000000017680800 Exception <a 'sun/nio/fs/WindowsException'> (0x00000000fa0d0e60) thrown at [C:\re\workspace\8-2-build-windows-amd64-cygwin\jdk8u211\12973\hotspot\src\share\vm\prims\jni.cpp, line 710]
Event: 145.685 Thread 0x000000001baa9800 Exception <a 'sun/nio/fs/WindowsException'> (0x00000000fa0fa4e0) thrown at [C:\re\workspace\8-2-build-windows-amd64-cygwin\jdk8u211\12973\hotspot\src\share\vm\prims\jni.cpp, line 710]
Event: 145.685 Thread 0x000000001baa9800 Exception <a 'sun/nio/fs/WindowsException'> (0x00000000fa0fb1b0) thrown at [C:\re\workspace\8-2-build-windows-amd64-cygwin\jdk8u211\12973\hotspot\src\share\vm\prims\jni.cpp, line 710]
Event: 145.690 Thread 0x0000000017681000 Exception <a 'sun/nio/fs/WindowsException'> (0x00000000fa129f88) thrown at [C:\re\workspace\8-2-build-windows-amd64-cygwin\jdk8u211\12973\hotspot\src\share\vm\prims\jni.cpp, line 710]
Event: 145.690 Thread 0x0000000017681000 Exception <a 'sun/nio/fs/WindowsException'> (0x00000000fa12ac48) thrown at [C:\re\workspace\8-2-build-windows-amd64-cygwin\jdk8u211\12973\hotspot\src\share\vm\prims\jni.cpp, line 710]

Events (10 events):
Event: 147.412 Thread 0x00000000186dd000 DEOPT PACKING pc=0x00000000060749b4 sp=0x000000001a298870
Event: 147.412 Thread 0x00000000186dd000 DEOPT UNPACKING pc=0x00000000031c7890 sp=0x000000001a2986d0 mode 0
Event: 147.414 Thread 0x00000000186dd000 DEOPT PACKING pc=0x0000000006dbd707 sp=0x000000001a2989a0
Event: 147.414 Thread 0x00000000186dd000 DEOPT UNPACKING pc=0x00000000031c7890 sp=0x000000001a298840 mode 0
Event: 147.421 Thread 0x00000000186dd000 DEOPT PACKING pc=0x000000000560fa5d sp=0x000000001a298410
Event: 147.421 Thread 0x00000000186dd000 DEOPT UNPACKING pc=0x00000000031c7890 sp=0x000000001a2981c0 mode 0
Event: 147.421 Thread 0x00000000186dd000 DEOPT PACKING pc=0x0000000006ddfc24 sp=0x000000001a298510
Event: 147.421 Thread 0x00000000186dd000 DEOPT UNPACKING pc=0x00000000031c7890 sp=0x000000001a298380 mode 0
Event: 147.461 Thread 0x00000000186dd000 DEOPT PACKING pc=0x00000000070a57bc sp=0x000000001a298350
Event: 147.461 Thread 0x00000000186dd000 DEOPT UNPACKING pc=0x00000000031c7890 sp=0x000000001a298110 mode 0


Dynamic libraries:
0x00007ff789d10000 - 0x00007ff789d47000 	C:\Program Files\Java\jdk1.8.0_211\bin\java.exe
0x00007ffa03b80000 - 0x00007ffa03d70000 	C:\Windows\SYSTEM32\ntdll.dll
0x00007ffa023e0000 - 0x00007ffa02492000 	C:\Windows\System32\KERNEL32.DLL
0x00007ffa00b10000 - 0x00007ffa00db3000 	C:\Windows\System32\KERNELBASE.dll
0x00007ffa02c60000 - 0x00007ffa02d03000 	C:\Windows\System32\ADVAPI32.dll
0x00007ffa025a0000 - 0x00007ffa0263e000 	C:\Windows\System32\msvcrt.dll
0x00007ffa024a0000 - 0x00007ffa02537000 	C:\Windows\System32\sechost.dll
0x00007ffa03a20000 - 0x00007ffa03b40000 	C:\Windows\System32\RPCRT4.dll
0x00007ffa02710000 - 0x00007ffa028a4000 	C:\Windows\System32\USER32.dll
0x00007ffa01af0000 - 0x00007ffa01b11000 	C:\Windows\System32\win32u.dll
0x00007ffa02d10000 - 0x00007ffa02d36000 	C:\Windows\System32\GDI32.dll
0x00007ffa00dc0000 - 0x00007ffa00f54000 	C:\Windows\System32\gdi32full.dll
0x00007ffa01730000 - 0x00007ffa017ce000 	C:\Windows\System32\msvcp_win.dll
0x00007ffa019f0000 - 0x00007ffa01aea000 	C:\Windows\System32\ucrtbase.dll
0x00007ff9f37e0000 - 0x00007ff9f3a65000 	C:\Windows\WinSxS\amd64_microsoft.windows.common-controls_6595b64144ccf1df_6.0.18362.628_none_e6c6b62f130d50fc\COMCTL32.dll
0x00007ffa036e0000 - 0x00007ffa03a16000 	C:\Windows\System32\combase.dll
0x00007ffa01bb0000 - 0x00007ffa01c30000 	C:\Windows\System32\bcryptPrimitives.dll
0x00007ffa02a50000 - 0x00007ffa02a7e000 	C:\Windows\System32\IMM32.DLL
0x000000006e9f0000 - 0x000000006eac2000 	C:\Program Files\Java\jdk1.8.0_211\jre\bin\msvcr100.dll
0x000000006e140000 - 0x000000006e9e5000 	C:\Program Files\Java\jdk1.8.0_211\jre\bin\server\jvm.dll
0x00007ffa023d0000 - 0x00007ffa023d8000 	C:\Windows\System32\PSAPI.DLL
0x00007ff9fc440000 - 0x00007ff9fc44a000 	C:\Windows\SYSTEM32\VERSION.dll
0x00007ff9fcdd0000 - 0x00007ff9fcdd9000 	C:\Windows\SYSTEM32\WSOCK32.dll
0x00007ff9feaa0000 - 0x00007ff9feac4000 	C:\Windows\SYSTEM32\WINMM.dll
0x00007ffa02910000 - 0x00007ffa0297f000 	C:\Windows\System32\WS2_32.dll
0x00007ff9febd0000 - 0x00007ff9febfd000 	C:\Windows\SYSTEM32\winmmbase.dll
0x00007ffa00f60000 - 0x00007ffa00faa000 	C:\Windows\System32\cfgmgr32.dll
0x00007ff9e7700000 - 0x00007ff9e770f000 	C:\Program Files\Java\jdk1.8.0_211\jre\bin\verify.dll
0x00007ff9df710000 - 0x00007ff9df739000 	C:\Program Files\Java\jdk1.8.0_211\jre\bin\java.dll
0x00007ff9df6f0000 - 0x00007ff9df706000 	C:\Program Files\Java\jdk1.8.0_211\jre\bin\zip.dll
0x00007ffa02ff0000 - 0x00007ffa036d5000 	C:\Windows\System32\SHELL32.dll
0x00007ffa02e80000 - 0x00007ffa02f29000 	C:\Windows\System32\shcore.dll
0x00007ffa00fb0000 - 0x00007ffa0172f000 	C:\Windows\System32\windows.storage.dll
0x00007ffa00af0000 - 0x00007ffa00b0f000 	C:\Windows\System32\profapi.dll
0x00007ffa00a60000 - 0x00007ffa00aaa000 	C:\Windows\System32\powrprof.dll
0x00007ffa00a50000 - 0x00007ffa00a60000 	C:\Windows\System32\UMPDC.dll
0x00007ffa01c30000 - 0x00007ffa01c82000 	C:\Windows\System32\shlwapi.dll
0x00007ffa00ab0000 - 0x00007ffa00ac1000 	C:\Windows\System32\kernel.appcore.dll
0x00007ffa019d0000 - 0x00007ffa019e7000 	C:\Windows\System32\cryptsp.dll
0x00007ff9da630000 - 0x00007ff9da64a000 	C:\Program Files\Java\jdk1.8.0_211\jre\bin\net.dll
0x00007ff9f76e0000 - 0x00007ff9f78b6000 	C:\Windows\SYSTEM32\urlmon.dll
0x00007ff9f5a60000 - 0x00007ff9f5d06000 	C:\Windows\SYSTEM32\iertutil.dll
0x00007ffa00430000 - 0x00007ffa0043c000 	C:\Windows\SYSTEM32\CRYPTBASE.DLL
0x00007ffa00260000 - 0x00007ffa002c7000 	C:\Windows\system32\mswsock.dll
0x00007ff9da610000 - 0x00007ff9da622000 	C:\Program Files\Java\jdk1.8.0_211\jre\bin\nio.dll
0x00007ff9d8330000 - 0x00007ff9d8356000 	C:\Users\Annaniks\.gradle\native\30\windows-amd64\native-platform.dll
0x00007ff9e4280000 - 0x00007ff9e428d000 	C:\Program Files\Java\jdk1.8.0_211\jre\bin\management.dll
0x00007ff9ffdd0000 - 0x00007ff9ffe03000 	C:\Windows\system32\rsaenh.dll
0x00007ffa01b80000 - 0x00007ffa01ba6000 	C:\Windows\System32\bcrypt.dll
0x00007ffa00970000 - 0x00007ffa00995000 	C:\Windows\SYSTEM32\USERENV.dll
0x00007ff9fff70000 - 0x00007ff9fffaa000 	C:\Windows\SYSTEM32\IPHLPAPI.DLL
0x00007ffa02fe0000 - 0x00007ffa02fe8000 	C:\Windows\System32\NSI.dll
0x00007ff9fbfd0000 - 0x00007ff9fbfe6000 	C:\Windows\SYSTEM32\dhcpcsvc6.DLL
0x00007ff9fbfb0000 - 0x00007ff9fbfcc000 	C:\Windows\SYSTEM32\dhcpcsvc.DLL
0x00007ff9fffb0000 - 0x00007ffa0007a000 	C:\Windows\SYSTEM32\DNSAPI.dll
0x00007ff9ffab0000 - 0x00007ff9ffae1000 	C:\Windows\SYSTEM32\ntmarta.dll

VM Arguments:
jvm_args: -XX:MaxMetaspaceSize=256m -XX:+HeapDumpOnOutOfMemoryError -Xms256m -Xmx512m -Dfile.encoding=windows-1252 -Duser.country=US -Duser.language=en -Duser.variant 
java_command: org.gradle.launcher.daemon.bootstrap.GradleDaemon 6.0.1
java_class_path (initial): C:\Users\Annaniks\.gradle\wrapper\dists\gradle-6.0.1-all\99d3u8wxs16ndehh90lbbir67\gradle-6.0.1\lib\gradle-launcher-6.0.1.jar
Launcher Type: SUN_STANDARD

Environment Variables:
JAVA_HOME=C:\Program Files\Java\jdk1.8.0_211
CLASSPATH=D:\react_native_projects\Top_radio\android\\gradle\wrapper\gradle-wrapper.jar
PATH=D:\react_native_projects\Top_radio\android\node_modules\.bin;D:\react_native_projects\Top_radio\node_modules\.bin;D:\react_native_projects\node_modules\.bin;D:\node_modules\.bin;C:\Program Files\nodejs;D:\react_native_projects\Top_radio\node_modules\.bin;C:\Windows\system32;C:\Windows;C:\Windows\System32\Wbem;C:\Windows\System32\WindowsPowerShell\v1.0\;C:\Program Files\nodejs\;C:\Program Files\Git\cmd;C:\Program Files\Java\jdk-14.0.1\bin;C:\Python27;C:\Users\Annaniks\AppData\Local\Android\Sdk\platform-tools;C:\ProgramData\chocolatey\bin;C:\Program Files\Java\jdk1.8.0_211\bin;C:\Users\Annaniks\AppData\Local\Microsoft\WindowsApps;C:\Users\Annaniks\AppData\Roaming\npm;C:\Python27\Scripts;C:\src\flutter\bin;C:\Users\Annaniks\AppData\Local\Programs\Microsoft VS Code\bin;C:\Program Files\JetBrains\WebStorm 2020.3\bin
USERNAME=Annaniks
OS=Windows_NT
PROCESSOR_IDENTIFIER=Intel64 Family 6 Model 158 Stepping 10, GenuineIntel



---------------  S Y S T E M  ---------------

OS: Windows 10.0 , 64 bit Build 18362 (10.0.18362.329)

CPU:total 6 (initial active 6) (6 cores per cpu, 1 threads per core) family 6 model 158 stepping 10, cmov, cx8, fxsr, mmx, sse, sse2, sse3, ssse3, sse4.1, sse4.2, popcnt, avx, avx2, aes, clmul, erms, 3dnowpref, lzcnt, tsc, tscinvbit, bmi1, bmi2, adx

Memory: 4k page, physical 8249832k(125084k free), swap 8249832k(7600k free)

vm_info: Java HotSpot(TM) 64-Bit Server VM (25.211-b12) for windows-amd64 JRE (1.8.0_211-b12), built on Apr  1 2019 20:53:26 by "java_re" with MS VC++ 10.0 (VS2010)

time: Thu Dec 03 15:13:19 2020
timezone: Caucasus Standard Time
elapsed time: 148 seconds (0d 0h 2m 28s)

