#
# There is insufficient memory for the Java Runtime Environment to continue.
# Native memory allocation (malloc) failed to allocate 1048576 bytes for AllocateHeap
# Possible reasons:
#   The system is out of physical RAM or swap space
#   The process is running with CompressedOops enabled, and the Java Heap may be blocking the growth of the native heap
# Possible solutions:
#   Reduce memory load on the system
#   Increase physical memory or swap space
#   Check if swap backing store is full
#   Decrease Java heap size (-Xmx/-Xms)
#   Decrease number of Java threads
#   Decrease Java thread stack sizes (-Xss)
#   Set larger code cache with -XX:ReservedCodeCacheSize=
#   JVM is running with Unscaled Compressed Oops mode in which the Java heap is
#     placed in the first 4GB address space. The Java Heap base address is the
#     maximum limit for the native heap growth. Please use -XX:HeapBaseMinAddress
#     to set the Java Heap base and to place the Java Heap above 4GB virtual address.
# This output file may be truncated or incomplete.
#
#  Out of Memory Error (memory/allocation.inline.hpp:61), pid=6176, tid=0x0000000000001120
#
# JRE version:  (8.0_211-b12) (build )
# Java VM: Java HotSpot(TM) 64-Bit Server VM (25.211-b12 mixed mode windows-amd64 compressed oops)
# Failed to write core dump. Minidumps are not enabled by default on client versions of Windows
#

---------------  T H R E A D  ---------------

Current thread (0x0000000002d92800):  JavaThread "Unknown thread" [_thread_in_vm, id=4384, stack(0x00000000014d0000,0x00000000015d0000)]

Stack: [0x00000000014d0000,0x00000000015d0000]
[error occurred during error reporting (printing stack bounds), id 0xc0000005]

Native frames: (J=compiled Java code, j=interpreted, Vv=VM code, C=native code)


---------------  P R O C E S S  ---------------

Java Threads: ( => current thread )

Other Threads:

=>0x0000000002d92800 (exited) JavaThread "Unknown thread" [_thread_in_vm, id=4384, stack(0x00000000014d0000,0x00000000015d0000)]

VM state:not at safepoint (normal execution)

VM Mutex/Monitor currently owned by a thread: None

heap address: 0x00000000fc000000, size: 64 MB, Compressed Oops mode: 32-bit
Narrow klass base: 0x0000000000000000, Narrow klass shift: 3
Compressed class space size: 1073741824 Address: 0x0000000100000000

Heap:
 PSYoungGen      total 18944K, used 327K [0x00000000feb00000, 0x0000000100000000, 0x0000000100000000)
  eden space 16384K, 2% used [0x00000000feb00000,0x00000000feb51ec8,0x00000000ffb00000)
  from space 2560K, 0% used [0x00000000ffd80000,0x00000000ffd80000,0x0000000100000000)
  to   space 2560K, 0% used [0x00000000ffb00000,0x00000000ffb00000,0x00000000ffd80000)
 ParOldGen       total 44032K, used 0K [0x00000000fc000000, 0x00000000feb00000, 0x00000000feb00000)
  object space 44032K, 0% used [0x00000000fc000000,0x00000000fc000000,0x00000000feb00000)
 Metaspace       used 775K, capacity 4480K, committed 4480K, reserved 1056768K
  class space    used 76K, capacity 384K, committed 384K, reserved 1048576K

Card table byte_map: [0x0000000002ea0000,0x0000000002ed0000] byte_map_base: 0x00000000026c0000

Marking Bits: (ParMarkBitMap*) 0x0000000053995ce0
 Begin Bits: [0x00000000128f0000, 0x00000000129f0000)
 End Bits:   [0x00000000129f0000, 0x0000000012af0000)

Polling page: 0x0000000001070000

CodeCache: size=245760Kb used=328Kb max_used=328Kb free=245431Kb
 bounds [0x0000000002f30000, 0x00000000031a0000, 0x0000000011f30000]
 total_blobs=58 nmethods=0 adapters=38
 compilation: enabled

Compilation events (0 events):
No events

GC Heap History (0 events):
No events

Deoptimization events (0 events):
No events

Classes redefined (0 events):
No events

Internal exceptions (0 events):
No events

Events (10 events):
Event: 0.013 loading class java/lang/Short
Event: 0.013 loading class java/lang/Short done
Event: 0.013 loading class java/lang/Integer
Event: 0.013 loading class java/lang/Integer done
Event: 0.013 loading class java/lang/Long
Event: 0.013 loading class java/lang/Long done
Event: 0.014 loading class java/lang/NullPointerException
Event: 0.014 loading class java/lang/NullPointerException done
Event: 0.014 loading class java/lang/ArithmeticException
Event: 0.014 loading class java/lang/ArithmeticException done


Dynamic libraries:
0x00007ff7e8430000 - 0x00007ff7e8467000 	C:\Program Files\Java\jdk1.8.0_211\bin\java.exe
0x00007fff1e380000 - 0x00007fff1e570000 	C:\Windows\SYSTEM32\ntdll.dll
0x00007fff1d180000 - 0x00007fff1d232000 	C:\Windows\System32\KERNEL32.DLL
0x00007fff1c100000 - 0x00007fff1c3a3000 	C:\Windows\System32\KERNELBASE.dll
0x00007fff1c430000 - 0x00007fff1c4d3000 	C:\Windows\System32\ADVAPI32.dll
0x00007fff1e0b0000 - 0x00007fff1e14e000 	C:\Windows\System32\msvcrt.dll
0x00007fff1dd70000 - 0x00007fff1de07000 	C:\Windows\System32\sechost.dll
0x00007fff1cf90000 - 0x00007fff1d0b0000 	C:\Windows\System32\RPCRT4.dll
0x00007fff1d880000 - 0x00007fff1da14000 	C:\Windows\System32\USER32.dll
0x00007fff1b3a0000 - 0x00007fff1b3c1000 	C:\Windows\System32\win32u.dll
0x00007fff1e1b0000 - 0x00007fff1e1d6000 	C:\Windows\System32\GDI32.dll
0x00007fff1beb0000 - 0x00007fff1c044000 	C:\Windows\System32\gdi32full.dll
0x00007fff1b3d0000 - 0x00007fff1b46e000 	C:\Windows\System32\msvcp_win.dll
0x00007fff1bd90000 - 0x00007fff1be8a000 	C:\Windows\System32\ucrtbase.dll
0x00007fff0e080000 - 0x00007fff0e305000 	C:\Windows\WinSxS\amd64_microsoft.windows.common-controls_6595b64144ccf1df_6.0.18362.628_none_e6c6b62f130d50fc\COMCTL32.dll
0x00007fff1da20000 - 0x00007fff1dd56000 	C:\Windows\System32\combase.dll
0x00007fff1c3b0000 - 0x00007fff1c430000 	C:\Windows\System32\bcryptPrimitives.dll
0x00007fff1d380000 - 0x00007fff1d3ae000 	C:\Windows\System32\IMM32.DLL
0x0000000053a20000 - 0x0000000053af2000 	C:\Program Files\Java\jdk1.8.0_211\jre\bin\msvcr100.dll
0x0000000053170000 - 0x0000000053a15000 	C:\Program Files\Java\jdk1.8.0_211\jre\bin\server\jvm.dll
0x00007fff1c4e0000 - 0x00007fff1c4e8000 	C:\Windows\System32\PSAPI.DLL
0x00007fff193a0000 - 0x00007fff193c4000 	C:\Windows\SYSTEM32\WINMM.dll
0x00007fff16230000 - 0x00007fff16239000 	C:\Windows\SYSTEM32\WSOCK32.dll
0x00007fff16820000 - 0x00007fff1682a000 	C:\Windows\SYSTEM32\VERSION.dll
0x00007fff1de70000 - 0x00007fff1dedf000 	C:\Windows\System32\WS2_32.dll
0x00007fff19370000 - 0x00007fff1939d000 	C:\Windows\SYSTEM32\WINMMBASE.dll
0x00007fff1b470000 - 0x00007fff1b4ba000 	C:\Windows\System32\cfgmgr32.dll
0x00007fff17940000 - 0x00007fff1794f000 	C:\Program Files\Java\jdk1.8.0_211\jre\bin\verify.dll
0x00007ffefd430000 - 0x00007ffefd459000 	C:\Program Files\Java\jdk1.8.0_211\jre\bin\java.dll
0x00007fff06c80000 - 0x00007fff06c96000 	C:\Program Files\Java\jdk1.8.0_211\jre\bin\zip.dll

VM Arguments:
jvm_args: -Xmx64m -Xms64m -Dorg.gradle.appname=gradlew 
java_command: org.gradle.wrapper.GradleWrapperMain app:installDebug -PreactNativeDevServerPort=8081
java_class_path (initial): D:\react_native_projects\app_radio\react-native\android\\gradle\wrapper\gradle-wrapper.jar
Launcher Type: SUN_STANDARD

Environment Variables:
JAVA_HOME=C:\Program Files\Java\jdk1.8.0_211
CLASSPATH=D:\react_native_projects\app_radio\react-native\android\\gradle\wrapper\gradle-wrapper.jar
PATH=D:\react_native_projects\app_radio\react-native\android\node_modules\.bin;D:\react_native_projects\app_radio\react-native\node_modules\.bin;D:\react_native_projects\app_radio\node_modules\.bin;D:\react_native_projects\node_modules\.bin;D:\node_modules\.bin;C:\Program Files\nodejs;C:\Windows\system32;C:\Windows;C:\Windows\System32\Wbem;C:\Windows\System32\WindowsPowerShell\v1.0\;C:\Program Files\nodejs\;C:\Program Files\Git\cmd;C:\Program Files\Java\jdk-14.0.1\bin;C:\Python27;C:\Users\Annaniks\AppData\Local\Android\Sdk\platform-tools;C:\ProgramData\chocolatey\bin;C:\Program Files\Java\jdk1.8.0_211\bin;C:\Users\Annaniks\AppData\Local\Microsoft\WindowsApps;C:\Users\Annaniks\AppData\Roaming\npm;C:\Python27\Scripts;C:\src\flutter\bin;C:\Users\Annaniks\AppData\Local\Programs\Microsoft VS Code\bin
USERNAME=Annaniks
OS=Windows_NT
PROCESSOR_IDENTIFIER=Intel64 Family 6 Model 158 Stepping 10, GenuineIntel



---------------  S Y S T E M  ---------------

OS: Windows 10.0 , 64 bit Build 18362 (10.0.18362.329)

CPU:total 6 (initial active 6) (6 cores per cpu, 1 threads per core) family 6 model 158 stepping 10, cmov, cx8, fxsr, mmx, sse, sse2, sse3, ssse3, sse4.1, sse4.2, popcnt, avx, avx2, aes, clmul, erms, 3dnowpref, lzcnt, tsc, tscinvbit, bmi1, bmi2, adx

Memory: 4k page, physical 8249832k(315360k free), swap 8249832k(5360k free)

vm_info: Java HotSpot(TM) 64-Bit Server VM (25.211-b12) for windows-amd64 JRE (1.8.0_211-b12), built on Apr  1 2019 20:53:26 by "java_re" with MS VC++ 10.0 (VS2010)

time: Tue Jul 28 14:03:31 2020
timezone: Caucasus Standard Time
elapsed time: 0 seconds (0d 0h 0m 0s)

